c:\dev\cpp\mathsandphysicslib\mathsandphysicslib\x64\debug\vc143.pdb
c:\dev\cpp\mathsandphysicslib\mathsandphysicslib\x64\debug\vc143.idb
c:\dev\cpp\mathsandphysicslib\mathsandphysicslib\x64\debug\main.obj
c:\dev\cpp\mathsandphysicslib\mathsandphysicslib\x64\debug\dtas.obj
c:\dev\cpp\mathsandphysicslib\mathsandphysicslib\x64\debug\dmplib.obj
c:\dev\cpp\mathsandphysicslib\mathsandphysicslib\x64\debug\imaginary.obj
c:\dev\cpp\mathsandphysicslib\mathsandphysicslib\x64\debug\dmpc.obj
c:\dev\cpp\mathsandphysicslib\x64\debug\mathsandphysicslib.pdb
c:\dev\cpp\mathsandphysicslib\mathsandphysicslib\x64\debug\mathsand.cd9fd04c.tlog\cl.command.1.tlog
c:\dev\cpp\mathsandphysicslib\mathsandphysicslib\x64\debug\mathsand.cd9fd04c.tlog\cl.read.1.tlog
c:\dev\cpp\mathsandphysicslib\mathsandphysicslib\x64\debug\mathsand.cd9fd04c.tlog\cl.write.1.tlog
c:\dev\cpp\mathsandphysicslib\mathsandphysicslib\x64\debug\mathsand.cd9fd04c.tlog\link-cvtres.read.1.tlog
c:\dev\cpp\mathsandphysicslib\mathsandphysicslib\x64\debug\mathsand.cd9fd04c.tlog\link-cvtres.write.1.tlog
c:\dev\cpp\mathsandphysicslib\mathsandphysicslib\x64\debug\mathsand.cd9fd04c.tlog\link-rc.read.1.tlog
c:\dev\cpp\mathsandphysicslib\mathsandphysicslib\x64\debug\mathsand.cd9fd04c.tlog\link-rc.write.1.tlog
c:\dev\cpp\mathsandphysicslib\mathsandphysicslib\x64\debug\mathsand.cd9fd04c.tlog\link.12584-cvtres.read.1.tlog
c:\dev\cpp\mathsandphysicslib\mathsandphysicslib\x64\debug\mathsand.cd9fd04c.tlog\link.12584-cvtres.write.1.tlog
c:\dev\cpp\mathsandphysicslib\mathsandphysicslib\x64\debug\mathsand.cd9fd04c.tlog\link.12584-rc.read.1.tlog
c:\dev\cpp\mathsandphysicslib\mathsandphysicslib\x64\debug\mathsand.cd9fd04c.tlog\link.12584-rc.write.1.tlog
c:\dev\cpp\mathsandphysicslib\mathsandphysicslib\x64\debug\mathsand.cd9fd04c.tlog\link.12584.read.1.tlog
c:\dev\cpp\mathsandphysicslib\mathsandphysicslib\x64\debug\mathsand.cd9fd04c.tlog\link.12584.read.2.tlog
c:\dev\cpp\mathsandphysicslib\mathsandphysicslib\x64\debug\mathsand.cd9fd04c.tlog\link.12584.write.1.tlog
c:\dev\cpp\mathsandphysicslib\mathsandphysicslib\x64\debug\mathsand.cd9fd04c.tlog\link.command.1.tlog
c:\dev\cpp\mathsandphysicslib\mathsandphysicslib\x64\debug\mathsand.cd9fd04c.tlog\link.read.1.tlog
c:\dev\cpp\mathsandphysicslib\mathsandphysicslib\x64\debug\mathsand.cd9fd04c.tlog\link.read.2.tlog
c:\dev\cpp\mathsandphysicslib\mathsandphysicslib\x64\debug\mathsand.cd9fd04c.tlog\link.write.1.tlog
