  dmath_types.cpp
C:\dev\cpp\MathsAndPhysicsLib\MathsAndPhysicsLib\dmutilities.h(132,52): error C3861: 'dims': no se encontró el identificador
C:\dev\cpp\MathsAndPhysicsLib\MathsAndPhysicsLib\dmutilities.h(137): message : Vea la referencia a la creación de una instancia de clase plantilla "dmp::dmutils::structs::t_dimentions<d...>" que se está compilando
C:\dev\cpp\MathsAndPhysicsLib\MathsAndPhysicsLib\dmutilities.h(133,51): error C3861: 'dims': no se encontró el identificador
C:\dev\cpp\MathsAndPhysicsLib\MathsAndPhysicsLib\dmutilities.h(134,61): error C3861: 'dims': no se encontró el identificador
  dmbasic_functions.cpp
C:\dev\cpp\MathsAndPhysicsLib\MathsAndPhysicsLib\dmutilities.h(132,52): error C3861: 'dims': no se encontró el identificador
C:\dev\cpp\MathsAndPhysicsLib\MathsAndPhysicsLib\dmutilities.h(137): message : Vea la referencia a la creación de una instancia de clase plantilla "dmp::dmutils::structs::t_dimentions<d...>" que se está compilando
C:\dev\cpp\MathsAndPhysicsLib\MathsAndPhysicsLib\dmutilities.h(133,51): error C3861: 'dims': no se encontró el identificador
C:\dev\cpp\MathsAndPhysicsLib\MathsAndPhysicsLib\dmutilities.h(134,61): error C3861: 'dims': no se encontró el identificador
  dmpconstants.cpp
C:\dev\cpp\MathsAndPhysicsLib\MathsAndPhysicsLib\dmutilities.h(132,52): error C3861: 'dims': no se encontró el identificador
C:\dev\cpp\MathsAndPhysicsLib\MathsAndPhysicsLib\dmutilities.h(137): message : Vea la referencia a la creación de una instancia de clase plantilla "dmp::dmutils::structs::t_dimentions<d...>" que se está compilando
C:\dev\cpp\MathsAndPhysicsLib\MathsAndPhysicsLib\dmutilities.h(133,51): error C3861: 'dims': no se encontró el identificador
C:\dev\cpp\MathsAndPhysicsLib\MathsAndPhysicsLib\dmutilities.h(134,61): error C3861: 'dims': no se encontró el identificador
  dphysics_types.cpp
C:\dev\cpp\MathsAndPhysicsLib\MathsAndPhysicsLib\dmutilities.h(132,52): error C3861: 'dims': no se encontró el identificador
C:\dev\cpp\MathsAndPhysicsLib\MathsAndPhysicsLib\dmutilities.h(137): message : Vea la referencia a la creación de una instancia de clase plantilla "dmp::dmutils::structs::t_dimentions<d...>" que se está compilando
C:\dev\cpp\MathsAndPhysicsLib\MathsAndPhysicsLib\dmutilities.h(133,51): error C3861: 'dims': no se encontró el identificador
C:\dev\cpp\MathsAndPhysicsLib\MathsAndPhysicsLib\dmutilities.h(134,61): error C3861: 'dims': no se encontró el identificador
  dmptas.cpp
C:\dev\cpp\MathsAndPhysicsLib\MathsAndPhysicsLib\dmutilities.h(132,52): error C3861: 'dims': no se encontró el identificador
C:\dev\cpp\MathsAndPhysicsLib\MathsAndPhysicsLib\dmutilities.h(137): message : Vea la referencia a la creación de una instancia de clase plantilla "dmp::dmutils::structs::t_dimentions<d...>" que se está compilando
C:\dev\cpp\MathsAndPhysicsLib\MathsAndPhysicsLib\dmutilities.h(133,51): error C3861: 'dims': no se encontró el identificador
C:\dev\cpp\MathsAndPhysicsLib\MathsAndPhysicsLib\dmutilities.h(134,61): error C3861: 'dims': no se encontró el identificador
  complex_types.cpp
C:\dev\cpp\MathsAndPhysicsLib\MathsAndPhysicsLib\dmutilities.h(132,52): error C3861: 'dims': no se encontró el identificador
C:\dev\cpp\MathsAndPhysicsLib\MathsAndPhysicsLib\dmutilities.h(137): message : Vea la referencia a la creación de una instancia de clase plantilla "dmp::dmutils::structs::t_dimentions<d...>" que se está compilando
C:\dev\cpp\MathsAndPhysicsLib\MathsAndPhysicsLib\dmutilities.h(133,51): error C3861: 'dims': no se encontró el identificador
C:\dev\cpp\MathsAndPhysicsLib\MathsAndPhysicsLib\dmutilities.h(134,61): error C3861: 'dims': no se encontró el identificador
  main.cpp
C:\dev\cpp\MathsAndPhysicsLib\MathsAndPhysicsLib\dmutilities.h(132,52): error C3861: 'dims': no se encontró el identificador
C:\dev\cpp\MathsAndPhysicsLib\MathsAndPhysicsLib\dmutilities.h(137): message : Vea la referencia a la creación de una instancia de clase plantilla "dmp::dmutils::structs::t_dimentions<d...>" que se está compilando
C:\dev\cpp\MathsAndPhysicsLib\MathsAndPhysicsLib\dmutilities.h(133,51): error C3861: 'dims': no se encontró el identificador
C:\dev\cpp\MathsAndPhysicsLib\MathsAndPhysicsLib\dmutilities.h(134,61): error C3861: 'dims': no se encontró el identificador
C:\dev\cpp\MathsAndPhysicsLib\MathsAndPhysicsLib\dmutilities.h(132,52): error C3546: '...': no hay paquetes de parámetros disponibles para expandir
C:\dev\cpp\MathsAndPhysicsLib\MathsAndPhysicsLib\main.cpp(61): message : Vea la referencia a la creación de una instancia de clase plantilla "dmp::dmutils::structs::t_dimentions<3,3,3>" que se está compilando
C:\dev\cpp\MathsAndPhysicsLib\MathsAndPhysicsLib\dmutilities.h(132,52): error C2065: 'dims': identificador no declarado
C:\dev\cpp\MathsAndPhysicsLib\MathsAndPhysicsLib\dmutilities.h(132,52): error C2975: 'dims': argumento de plantilla no válido para 'dmp::dmutils::structs::tensor_rank'; se esperaba una expresión constante en tiempo de compilación
C:\dev\cpp\MathsAndPhysicsLib\MathsAndPhysicsLib\dmutilities.h(115): message : vea la declaración de 'dims'
C:\dev\cpp\MathsAndPhysicsLib\MathsAndPhysicsLib\dmutilities.h(133,51): error C3546: '...': no hay paquetes de parámetros disponibles para expandir
C:\dev\cpp\MathsAndPhysicsLib\MathsAndPhysicsLib\dmutilities.h(133,51): error C2065: 'dims': identificador no declarado
C:\dev\cpp\MathsAndPhysicsLib\MathsAndPhysicsLib\dmutilities.h(133,51): error C2975: 'dims': argumento de plantilla no válido para 'dmp::dmutils::structs::tensor_size'; se esperaba una expresión constante en tiempo de compilación
C:\dev\cpp\MathsAndPhysicsLib\MathsAndPhysicsLib\dmutilities.h(112): message : vea la declaración de 'dims'
C:\dev\cpp\MathsAndPhysicsLib\MathsAndPhysicsLib\dmutilities.h(134,61): error C3546: '...': no hay paquetes de parámetros disponibles para expandir
C:\dev\cpp\MathsAndPhysicsLib\MathsAndPhysicsLib\dmutilities.h(134,61): error C2065: 'dims': identificador no declarado
C:\dev\cpp\MathsAndPhysicsLib\MathsAndPhysicsLib\dmutilities.h(134,61): error C2975: 'dims': argumento de plantilla no válido para 'dmp::dmutils::structs::tensor_dimentions'; se esperaba una expresión constante en tiempo de compilación
C:\dev\cpp\MathsAndPhysicsLib\MathsAndPhysicsLib\dmutilities.h(118): message : vea la declaración de 'dims'
C:\dev\cpp\MathsAndPhysicsLib\MathsAndPhysicsLib\main.cpp(61,7): error C2976: 'dmp::dmt::tensor': no hay suficientes argumentos de plantilla
C:\dev\cpp\MathsAndPhysicsLib\MathsAndPhysicsLib\tensor_types.h(22): message : vea la declaración de 'dmp::dmt::tensor'
C:\dev\cpp\MathsAndPhysicsLib\MathsAndPhysicsLib\dmutilities.h(113,34): error C2976: 'dmp::dmutils::structs::`anonymous-namespace'::variadic_mult': no hay suficientes argumentos de plantilla
C:\dev\cpp\MathsAndPhysicsLib\MathsAndPhysicsLib\dmutilities.h(99): message : vea la declaración de 'dmp::dmutils::structs::`anonymous-namespace'::variadic_mult'
C:\dev\cpp\MathsAndPhysicsLib\MathsAndPhysicsLib\dmutilities.h(125): message : vea la referencia a la plantilla de variables 'const size_t tensor_size<>' que se está compilando
C:\dev\cpp\MathsAndPhysicsLib\MathsAndPhysicsLib\dmutilities.h(65): message : Vea la referencia a la creación de una instancia de clase plantilla "dmp::dmutils::structs::tensor_properties<>" que se está compilando
C:\dev\cpp\MathsAndPhysicsLib\MathsAndPhysicsLib\tensor_types.h(21): message : vea la referencia a la plantilla de variables 'bool TP<tprops>' que se está compilando
C:\dev\cpp\MathsAndPhysicsLib\MathsAndPhysicsLib\dmutilities.h(113,69): error C2955: 'dmp::dmutils::structs::`anonymous-namespace'::variadic_mult': el uso de clase plantilla requiere una lista de argumentos de plantilla
C:\dev\cpp\MathsAndPhysicsLib\MathsAndPhysicsLib\dmutilities.h(99): message : vea la declaración de 'dmp::dmutils::structs::`anonymous-namespace'::variadic_mult'
C:\dev\cpp\MathsAndPhysicsLib\MathsAndPhysicsLib\dmutilities.h(113,69): error C2131: la expresión no se evaluó como una constante
C:\dev\cpp\MathsAndPhysicsLib\MathsAndPhysicsLib\dmutilities.h(113,69): message : se encontró una (sub)expresión no constante
C:\dev\cpp\MathsAndPhysicsLib\MathsAndPhysicsLib\main.cpp(61,7): error C7602: "dmp::dmt::tensor": no se cumplen las restricciones asociadas
C:\dev\cpp\MathsAndPhysicsLib\MathsAndPhysicsLib\tensor_types.h(22): message : vea la declaración de 'dmp::dmt::tensor'
C:\dev\cpp\MathsAndPhysicsLib\MathsAndPhysicsLib\main.cpp(61): error C2641: no se pueden deducir los argumentos de plantilla para "dmp::dmt::tensor"
C:\dev\cpp\MathsAndPhysicsLib\MathsAndPhysicsLib\main.cpp(61): error C2783: 'dmp::dmt::tensor<properties,dims,buffer_type> dmp::dmt::tensor(void)': no se pudo deducir el argumento plantilla para 'properties'
C:\dev\cpp\MathsAndPhysicsLib\MathsAndPhysicsLib\tensor_types.h(22): message : vea la declaración de 'dmp::dmt::tensor'
C:\dev\cpp\MathsAndPhysicsLib\MathsAndPhysicsLib\main.cpp(61): error C2780: 'dmp::dmt::tensor<properties,dims,buffer_type> dmp::dmt::tensor(dmp::dmt::tensor<properties,dims,buffer_type>)': se esperan 1 argumentos; 0 proporcionados
C:\dev\cpp\MathsAndPhysicsLib\MathsAndPhysicsLib\tensor_types.h(22): message : vea la declaración de 'dmp::dmt::tensor'
  mFunctions.cpp
C:\dev\cpp\MathsAndPhysicsLib\MathsAndPhysicsLib\dmutilities.h(132,52): error C3861: 'dims': no se encontró el identificador
C:\dev\cpp\MathsAndPhysicsLib\MathsAndPhysicsLib\dmutilities.h(137): message : Vea la referencia a la creación de una instancia de clase plantilla "dmp::dmutils::structs::t_dimentions<d...>" que se está compilando
C:\dev\cpp\MathsAndPhysicsLib\MathsAndPhysicsLib\dmutilities.h(133,51): error C3861: 'dims': no se encontró el identificador
C:\dev\cpp\MathsAndPhysicsLib\MathsAndPhysicsLib\dmutilities.h(134,61): error C3861: 'dims': no se encontró el identificador
